2018-09-06 19:55:54 [127.0.0.1][100][a60e327905881eb11e39d6929a2ca806][error][ParseError] ParseError: syntax error, unexpected 'public' (T_PUBLIC) in /opt/lampp/htdocs/basic/controllers/PaperController.php:119
Stack trace:
#0 [internal function]: yii\BaseYii::autoload('app\\controllers...')
#1 [internal function]: spl_autoload_call('app\\controllers...')
#2 /opt/lampp/htdocs/basic/vendor/yiisoft/yii2/base/Module.php(637): class_exists('app\\controllers...')
#3 /opt/lampp/htdocs/basic/vendor/yiisoft/yii2/base/Module.php(596): yii\base\Module->createControllerByID('paper')
#4 /opt/lampp/htdocs/basic/vendor/yiisoft/yii2/base/Module.php(522): yii\base\Module->createController('update')
#5 /opt/lampp/htdocs/basic/vendor/yiisoft/yii2/web/Application.php(103): yii\base\Module->runAction('paper/update', Array)
#6 /opt/lampp/htdocs/basic/vendor/yiisoft/yii2/base/Application.php(386): yii\web\Application->handleRequest(Object(yii\web\Request))
#7 /opt/lampp/htdocs/basic/web/index.php(12): yii\base\Application->run()
#8 {main}
2018-09-06 19:55:54 [127.0.0.1][100][a60e327905881eb11e39d6929a2ca806][info][application] $_GET = [
    'r' => 'paper/update'
    'id' => '1'
]

$_POST = []

$_FILES = []

$_COOKIE = [
    'username-localhost-8888' => '\"2|1:0|10:1535523689|23:username-localhost-8888|44:MjNkMDM0Y2JkOTgwNDU5YmJjZTQ1NzY4MTBlZTBiMDM=|828621a00f2cadbee4933fb6451053dba51bac10554d99b6bc3b8cad81f0b8da\"'
    '_xsrf' => '2|a28be77d|c71e62f5eeed59492ae2fda0cc61eb4e|1535523689'
    'PHPSESSID' => 'a60e327905881eb11e39d6929a2ca806'
    '_csrf' => '26472ab8817c5d0777f31ad0e4a224464c33275046da43087da7c0dbdb51baf1a:2:{i:0;s:5:\"_csrf\";i:1;s:32:\"6djU_BdddSxSTD4luKDr-XoPT04MJcxQ\";}'
    '_identity' => 'c3fa23837de5f54a51111914041fb0e77db4b3f74e0f2c4d092a5c8da10f1b95a:2:{i:0;s:9:\"_identity\";i:1;s:28:\"[\"100\",\"test100key\",2592000]\";}'
]

$_SESSION = [
    '__flash' => []
    '__id' => '100'
]

$_SERVER = [
    'UNIQUE_ID' => 'W5FqKkET6Hq49TukzBElQgAAAAc'
    'HTTP_HOST' => 'localhost'
    'HTTP_USER_AGENT' => 'Mozilla/5.0 (X11; Ubuntu; Linux x86_64; rv:61.0) Gecko/20100101 Firefox/61.0'
    'HTTP_ACCEPT' => 'text/html,application/xhtml+xml,application/xml;q=0.9,*/*;q=0.8'
    'HTTP_ACCEPT_LANGUAGE' => 'en-GB,en;q=0.5'
    'HTTP_ACCEPT_ENCODING' => 'gzip, deflate'
    'HTTP_REFERER' => 'http://localhost/basic/web/index.php?r=paper'
    'HTTP_COOKIE' => 'username-localhost-8888=\"2|1:0|10:1535523689|23:username-localhost-8888|44:MjNkMDM0Y2JkOTgwNDU5YmJjZTQ1NzY4MTBlZTBiMDM=|828621a00f2cadbee4933fb6451053dba51bac10554d99b6bc3b8cad81f0b8da\"; _xsrf=2|a28be77d|c71e62f5eeed59492ae2fda0cc61eb4e|1535523689; PHPSESSID=a60e327905881eb11e39d6929a2ca806; _csrf=26472ab8817c5d0777f31ad0e4a224464c33275046da43087da7c0dbdb51baf1a%3A2%3A%7Bi%3A0%3Bs%3A5%3A%22_csrf%22%3Bi%3A1%3Bs%3A32%3A%226djU_BdddSxSTD4luKDr-XoPT04MJcxQ%22%3B%7D; _identity=c3fa23837de5f54a51111914041fb0e77db4b3f74e0f2c4d092a5c8da10f1b95a%3A2%3A%7Bi%3A0%3Bs%3A9%3A%22_identity%22%3Bi%3A1%3Bs%3A28%3A%22%5B%22100%22%2C%22test100key%22%2C2592000%5D%22%3B%7D'
    'HTTP_CONNECTION' => 'keep-alive'
    'HTTP_UPGRADE_INSECURE_REQUESTS' => '1'
    'HTTP_CACHE_CONTROL' => 'max-age=0'
    'PATH' => '/usr/local/sbin:/usr/local/bin:/usr/sbin:/usr/bin:/sbin:/bin:/snap/bin'
    'LD_LIBRARY_PATH' => '/opt/lampp/lib:/opt/lampp/lib'
    'SERVER_SIGNATURE' => ''
    'SERVER_SOFTWARE' => 'Apache/2.4.33 (Unix) OpenSSL/1.0.2o PHP/7.2.7 mod_perl/2.0.8-dev Perl/v5.16.3'
    'SERVER_NAME' => 'localhost'
    'SERVER_ADDR' => '127.0.0.1'
    'SERVER_PORT' => '80'
    'REMOTE_ADDR' => '127.0.0.1'
    'DOCUMENT_ROOT' => '/opt/lampp/htdocs'
    'REQUEST_SCHEME' => 'http'
    'CONTEXT_PREFIX' => ''
    'CONTEXT_DOCUMENT_ROOT' => '/opt/lampp/htdocs'
    'SERVER_ADMIN' => 'you@example.com'
    'SCRIPT_FILENAME' => '/opt/lampp/htdocs/basic/web/index.php'
    'REMOTE_PORT' => '37566'
    'GATEWAY_INTERFACE' => 'CGI/1.1'
    'SERVER_PROTOCOL' => 'HTTP/1.1'
    'REQUEST_METHOD' => 'GET'
    'QUERY_STRING' => 'r=paper%2Fupdate&id=1'
    'REQUEST_URI' => '/basic/web/index.php?r=paper%2Fupdate&id=1'
    'SCRIPT_NAME' => '/basic/web/index.php'
    'PHP_SELF' => '/basic/web/index.php'
    'REQUEST_TIME_FLOAT' => 1536256554.449
    'REQUEST_TIME' => 1536256554
]
